Using pre-set license
Built from '2022.3/release' branch; Version is '2022.3.20f1 (61c2feb0970d) revision 6406910'; Using compiler version '192829333'; Build Type 'Release'
OS: 'Windows 11  (10.0.22631) 64bit Professional' Language: 'ja' Physical Memory: 16173 MB
BatchMode: 1, IsHumanControllingUs: 0, StartBugReporterOnCrash: 0, Is64bit: 1, IsPro: 1

COMMAND LINE ARGUMENTS:
C:\Program Files\Unity\Hub\Editor\2022.3.20f1\Editor\Unity.exe
-adb2
-batchMode
-noUpm
-name
AssetImportWorker3
-projectPath
D:/繧ｲ繝ｼ繝繝励Ο繧ｰ繝ｩ繝溘Φ繧ｰ竇｡/莉贋ｺ募育函/Unity/shooting
-logFile
Logs/AssetImportWorker3.log
-srvPort
63007
Successfully changed project path to: D:/繧ｲ繝ｼ繝繝励Ο繧ｰ繝ｩ繝溘Φ繧ｰ竇｡/莉贋ｺ募育函/Unity/shooting
D:/繧ｲ繝ｼ繝繝励Ο繧ｰ繝ｩ繝溘Φ繧ｰ竇｡/莉贋ｺ募育函/Unity/shooting
[UnityMemory] Configuration Parameters - Can be set up in boot.config
    "memorysetup-bucket-allocator-granularity=16"
    "memorysetup-bucket-allocator-bucket-count=8"
    "memorysetup-bucket-allocator-block-size=33554432"
    "memorysetup-bucket-allocator-block-count=8"
    "memorysetup-main-allocator-block-size=16777216"
    "memorysetup-thread-allocator-block-size=16777216"
    "memorysetup-gfx-main-allocator-block-size=16777216"
    "memorysetup-gfx-thread-allocator-block-size=16777216"
    "memorysetup-cache-allocator-block-size=4194304"
    "memorysetup-typetree-allocator-block-size=2097152"
    "memorysetup-profiler-bucket-allocator-granularity=16"
    "memorysetup-profiler-bucket-allocator-bucket-count=8"
    "memorysetup-profiler-bucket-allocator-block-size=33554432"
    "memorysetup-profiler-bucket-allocator-block-count=8"
    "memorysetup-profiler-allocator-block-size=16777216"
    "memorysetup-profiler-editor-allocator-block-size=1048576"
    "memorysetup-temp-allocator-size-main=16777216"
    "memorysetup-job-temp-allocator-block-size=2097152"
    "memorysetup-job-temp-allocator-block-size-background=1048576"
    "memorysetup-job-temp-allocator-reduction-small-platforms=262144"
    "memorysetup-allocator-temp-initial-block-size-main=262144"
    "memorysetup-allocator-temp-initial-block-size-worker=262144"
    "memorysetup-temp-allocator-size-background-worker=32768"
    "memorysetup-temp-allocator-size-job-worker=262144"
    "memorysetup-temp-allocator-size-preload-manager=33554432"
    "memorysetup-temp-allocator-size-nav-mesh-worker=65536"
    "memorysetup-temp-allocator-size-audio-worker=65536"
    "memorysetup-temp-allocator-size-cloud-worker=32768"
    "memorysetup-temp-allocator-size-gi-baking-worker=262144"
    "memorysetup-temp-allocator-size-gfx=262144"
Player connection [20552] Host "[IP] 172.24.7.196 [Port] 0 [Flags] 2 [Guid] 2959996794 [EditorId] 2959996794 [Version] 1048832 [Id] WindowsEditor(7,408-19) [Debug] 1 [PackageName] WindowsEditor [ProjectName] Editor" joined multi-casting on [225.0.0.222:54997]...

Player connection [20552] Host "[IP] 172.24.7.196 [Port] 0 [Flags] 2 [Guid] 2959996794 [EditorId] 2959996794 [Version] 1048832 [Id] WindowsEditor(7,408-19) [Debug] 1 [PackageName] WindowsEditor [ProjectName] Editor" joined alternative multi-casting on [225.0.0.222:34997]...

[Physics::Module] Initialized MultithreadedJobDispatcher with 11 workers.
Refreshing native plugins compatible for Editor in 6.73 ms, found 3 plugins.
Preloading 0 native plugins for Editor in 0.00 ms.
Initialize engine version: 2022.3.20f1 (61c2feb0970d)
[Subsystems] Discovering subsystems at path C:/Program Files/Unity/Hub/Editor/2022.3.20f1/Editor/Data/Resources/UnitySubsystems
[Subsystems] Discovering subsystems at path D:/繧ｲ繝ｼ繝繝励Ο繧ｰ繝ｩ繝溘Φ繧ｰ竇｡/莉贋ｺ募育函/Unity/shooting/Assets
GfxDevice: creating device client; threaded=0; jobified=0
Direct3D:
    Version:  Direct3D 11.0 [level 11.1]
    Renderer: NVIDIA GeForce RTX 2060 (ID=0x1f15)
    Vendor:   NVIDIA
    VRAM:     5955 MB
    Driver:   31.0.15.5161
Initialize mono
Mono path[0] = 'C:/Program Files/Unity/Hub/Editor/2022.3.20f1/Editor/Data/Managed'
Mono path[1] = 'C:/Program Files/Unity/Hub/Editor/2022.3.20f1/Editor/Data/MonoBleedingEdge/lib/mono/unityjit-win32'
Mono config path = 'C:/Program Files/Unity/Hub/Editor/2022.3.20f1/Editor/Data/MonoBleedingEdge/etc'
Using monoOptions --debugger-agent=transport=dt_socket,embedding=1,server=y,suspend=n,address=127.0.0.1:56640
Begin MonoManager ReloadAssembly
Registering precompiled unity dll's ...
Register platform support module: C:/Program Files/Unity/Hub/Editor/2022.3.20f1/Editor/Data/PlaybackEngines/WebGLSupport/UnityEditor.WebGL.Extensions.dll
Register platform support module: C:/Program Files/Unity/Hub/Editor/2022.3.20f1/Editor/Data/PlaybackEngines/MacStandaloneSupport/UnityEditor.OSXStandalone.Extensions.dll
Register platform support module: C:/Program Files/Unity/Hub/Editor/2022.3.20f1/Editor/Data/PlaybackEngines/AndroidPlayer/UnityEditor.Android.Extensions.dll
Register platform support module: C:/Program Files/Unity/Hub/Editor/2022.3.20f1/Editor/Data/PlaybackEngines/iOSSupport/UnityEditor.iOS.Extensions.dll
Register platform support module: C:/Program Files/Unity/Hub/Editor/2022.3.20f1/Editor/Data/PlaybackEngines/WindowsStandaloneSupport/UnityEditor.WindowsStandalone.Extensions.dll
Registered in 0.009433 seconds.
- Loaded All Assemblies, in  0.320 seconds
Native extension for WindowsStandalone target not found
[usbmuxd] Start listen thread
[usbmuxd] Listen thread started
[usbmuxd] Send listen message
Native extension for iOS target not found
Native extension for Android target not found
Android Extension - Scanning For ADB Devices 201 ms
Native extension for OSXStandalone target not found
Native extension for WebGL target not found
Mono: successfully reloaded assembly
- Finished resetting the current domain, in  0.499 seconds
Domain Reload Profiling: 818ms
	BeginReloadAssembly (91ms)
		ExecutionOrderSort (0ms)
		DisableScriptedObjects (0ms)
		BackupInstance (0ms)
		ReleaseScriptingObjects (0ms)
		CreateAndSetChildDomain (1ms)
	RebuildCommonClasses (31ms)
	RebuildNativeTypeToScriptingClass (10ms)
	initialDomainReloadingComplete (53ms)
	LoadAllAssembliesAndSetupDomain (133ms)
		LoadAssemblies (90ms)
		RebuildTransferFunctionScriptingTraits (0ms)
		AnalyzeDomain (131ms)
			TypeCache.Refresh (129ms)
				TypeCache.ScanAssembly (117ms)
			ScanForSourceGeneratedMonoScriptInfo (0ms)
			ResolveRequiredComponents (0ms)
	FinalizeReload (500ms)
		ReleaseScriptCaches (0ms)
		RebuildScriptCaches (0ms)
		SetupLoadedEditorAssemblies (449ms)
			LogAssemblyErrors (0ms)
			InitializePlatformSupportModulesInManaged (307ms)
			SetLoadedEditorAssemblies (3ms)
			RefreshPlugins (0ms)
			BeforeProcessingInitializeOnLoad (2ms)
			ProcessInitializeOnLoadAttributes (99ms)
			ProcessInitializeOnLoadMethodAttributes (38ms)
			AfterProcessingInitializeOnLoad (0ms)
			EditorAssembliesLoaded (0ms)
		ExecutionOrderSort2 (0ms)
		AwakeInstancesAfterBackupRestoration (0ms)
========================================================================
Worker process is ready to serve import requests
Begin MonoManager ReloadAssembly
- Loaded All Assemblies, in  0.530 seconds
Refreshing native plugins compatible for Editor in 1.40 ms, found 3 plugins.
Native extension for WindowsStandalone target not found
Native extension for iOS target not found
Native extension for Android target not found
Native extension for OSXStandalone target not found
Native extension for WebGL target not found
Package Manager log level set to [2]
[Package Manager] Server::EnsureServerProcessIsRunning -- launch failed, reason: Unity was launched with the -noUpm command-line argument
[Package Manager] UpmClient::Send -- Unable to send message (not connected to UPM process).
[Package Manager] Cannot connect to Unity Package Manager local server
Mono: successfully reloaded assembly
- Finished resetting the current domain, in  0.718 seconds
Domain Reload Profiling: 1247ms
	BeginReloadAssembly (125ms)
		ExecutionOrderSort (0ms)
		DisableScriptedObjects (5ms)
		BackupInstance (0ms)
		ReleaseScriptingObjects (0ms)
		CreateAndSetChildDomain (19ms)
	RebuildCommonClasses (29ms)
	RebuildNativeTypeToScriptingClass (13ms)
	initialDomainReloadingComplete (36ms)
	LoadAllAssembliesAndSetupDomain (324ms)
		LoadAssemblies (237ms)
		RebuildTransferFunctionScriptingTraits (0ms)
		AnalyzeDomain (160ms)
			TypeCache.Refresh (143ms)
				TypeCache.ScanAssembly (129ms)
			ScanForSourceGeneratedMonoScriptInfo (12ms)
			ResolveRequiredComponents (4ms)
	FinalizeReload (718ms)
		ReleaseScriptCaches (0ms)
		RebuildScriptCaches (0ms)
		SetupLoadedEditorAssemblies (574ms)
			LogAssemblyErrors (0ms)
			InitializePlatformSupportModulesInManaged (35ms)
			SetLoadedEditorAssemblies (4ms)
			RefreshPlugins (0ms)
			BeforeProcessingInitializeOnLoad (50ms)
			ProcessInitializeOnLoadAttributes (461ms)
			ProcessInitializeOnLoadMethodAttributes (18ms)
			AfterProcessingInitializeOnLoad (6ms)
			EditorAssembliesLoaded (0ms)
		ExecutionOrderSort2 (0ms)
		AwakeInstancesAfterBackupRestoration (5ms)
Launched and connected shader compiler UnityShaderCompiler.exe after 0.03 seconds
Refreshing native plugins compatible for Editor in 1.50 ms, found 3 plugins.
Preloading 0 native plugins for Editor in 0.00 ms.
Unloading 3094 Unused Serialized files (Serialized files now loaded: 0)
Unloading 32 unused Assets / (57.0 KB). Loaded Objects now: 3576.
Memory consumption went from 142.7 MB to 142.7 MB.
Total: 3.219100 ms (FindLiveObjects: 0.204200 ms CreateObjectMapping: 0.144300 ms MarkObjects: 2.792600 ms  DeleteObjects: 0.077200 ms)

AssetImportParameters requested are different than current active one (requested -> active):
  custom:container-demuxer-ogg: 62fdf1f143b41e24485cea50d1cbac27 -> 
  custom:video-codec-MediaFoundation-h265: 746d11721c4dcdbdad8f713fa42b33f4 -> 
  custom:video-decoder-ogg-theora: a1e56fd34408186e4bbccfd4996cb3dc -> 
  custom:framework-win-MediaFoundation: 216162199b28c13a410421893ffa2e32 -> 
  custom:CustomObjectIndexerAttribute: 6d391050e5a25f67b0a2c618074f2cd9 -> 
  custom:container-demuxer-webm: 4f35f7cbe854078d1ac9338744f61a02 -> 
  custom:container-muxer-webm: aa71ff27fc2769a1b78a27578f13a17b -> 
  custom:video-decoder-webm-vp8: 9c59270c3fd7afecdb556c50c9e8de78 -> 
  custom:SearchIndexIgnoredProperties: e643bd26f0fe6173181afceb89e7c659 -> 
  custom:AudioImporter_EditorPlatform: d09bf68614088b80899f8185d706f6e7 -> 
  custom:video-encoder-webm-vp8: eb34c28f22e8b96e1ab97ce403110664 -> 
  custom:audio-decoder-ogg-vorbis: bf7c407c2cedff20999df2af8eb42d56 -> 
  custom:audio-encoder-webm-vorbis: bf7c407c2cedff20999df2af8eb42d56 -> 
========================================================================
Received Import Request.
  Time since last request: 102676.317354 seconds.
  path: Assets/Frank_RPG_Gunslinger/Assets/Animations/FBX/Frank_RPG_Gunslinger_Handgun_Aim.FBX
  artifactKey: Guid(4c5ecc419511fe1449547db44c4ca3c4) Importer(815301076,1909f56bfc062723c751e8b465ee728b)
Start importing Assets/Frank_RPG_Gunslinger/Assets/Animations/FBX/Frank_RPG_Gunslinger_Handgun_Aim.FBX using Guid(4c5ecc419511fe1449547db44c4ca3c4) Importer(815301076,1909f56bfc062723c751e8b465ee728b)  -> (artifact id: '0de9dfab5979266c9b95944650288791') in 0.028911 seconds
Number of updated asset objects reloaded before import = 0
Number of asset objects unloaded after import = 181
========================================================================
Received Import Request.
  Time since last request: 0.000012 seconds.
  path: Assets/Frank_RPG_Gunslinger/Assets/Animations/FBX/Frank_RPG_Gunslinger_Hit02.FBX
  artifactKey: Guid(71871b574273e27498f1450414c18113) Importer(815301076,1909f56bfc062723c751e8b465ee728b)
Start importing Assets/Frank_RPG_Gunslinger/Assets/Animations/FBX/Frank_RPG_Gunslinger_Hit02.FBX using Guid(71871b574273e27498f1450414c18113) Importer(815301076,1909f56bfc062723c751e8b465ee728b)  -> (artifact id: '8d9eb457a7311d164d0a4a4e8e717b23') in 0.004781 seconds
Number of updated asset objects reloaded before import = 0
Number of asset objects unloaded after import = 181
========================================================================
Received Import Request.
  Time since last request: 0.000019 seconds.
  path: Assets/Frank_RPG_Gunslinger/Assets/Animations/FBX/Frank_RPG_Gunslinger_Handgun_Fire.FBX
  artifactKey: Guid(9fda9a6e35c722641937ec5a13511708) Importer(815301076,1909f56bfc062723c751e8b465ee728b)
Start importing Assets/Frank_RPG_Gunslinger/Assets/Animations/FBX/Frank_RPG_Gunslinger_Handgun_Fire.FBX using Guid(9fda9a6e35c722641937ec5a13511708) Importer(815301076,1909f56bfc062723c751e8b465ee728b)  -> (artifact id: '9ba53a447c52efeaa12b5871cbda7b90') in 0.003817 seconds
Number of updated asset objects reloaded before import = 0
Number of asset objects unloaded after import = 181
========================================================================
Received Import Request.
  Time since last request: 0.413427 seconds.
  path: Assets/Frank_RPG_Gunslinger/Assets/Animations/FBX/Frank_RPG_Gunslinger_Jump_01.FBX
  artifactKey: Guid(5ca2b98c523a3024083e03b92861699a) Importer(815301076,1909f56bfc062723c751e8b465ee728b)
Start importing Assets/Frank_RPG_Gunslinger/Assets/Animations/FBX/Frank_RPG_Gunslinger_Jump_01.FBX using Guid(5ca2b98c523a3024083e03b92861699a) Importer(815301076,1909f56bfc062723c751e8b465ee728b)  -> (artifact id: '3f8c3442d47a0f5188f29c9349834806') in 0.007110 seconds
Number of updated asset objects reloaded before import = 0
Number of asset objects unloaded after import = 181
========================================================================
Received Import Request.
  Time since last request: 0.000013 seconds.
  path: Assets/Frank_RPG_Gunslinger/Assets/Animations/FBX/Frank_RPG_Gunslinger_Run04_HandGun_Aim.FBX
  artifactKey: Guid(253dddfa4983c5a4d85b1c780a521426) Importer(815301076,1909f56bfc062723c751e8b465ee728b)
Start importing Assets/Frank_RPG_Gunslinger/Assets/Animations/FBX/Frank_RPG_Gunslinger_Run04_HandGun_Aim.FBX using Guid(253dddfa4983c5a4d85b1c780a521426) Importer(815301076,1909f56bfc062723c751e8b465ee728b)  -> (artifact id: '390e2ecbaa4982929ca0103d09776f5f') in 0.005949 seconds
Number of updated asset objects reloaded before import = 0
Number of asset objects unloaded after import = 181
========================================================================
Received Import Request.
  Time since last request: 0.000011 seconds.
  path: Assets/Frank_RPG_Gunslinger/Assets/Animations/FBX/Frank_RPG_Gunslinger_Jump_02.FBX
  artifactKey: Guid(cd5180edd4d94874f8944a8cc38b0412) Importer(815301076,1909f56bfc062723c751e8b465ee728b)
Start importing Assets/Frank_RPG_Gunslinger/Assets/Animations/FBX/Frank_RPG_Gunslinger_Jump_02.FBX using Guid(cd5180edd4d94874f8944a8cc38b0412) Importer(815301076,1909f56bfc062723c751e8b465ee728b)  -> (artifact id: '1e9c226ecc06f75be4296d56974e3031') in 0.005519 seconds
Number of updated asset objects reloaded before import = 0
Number of asset objects unloaded after import = 181
========================================================================
Received Import Request.
  Time since last request: 0.000012 seconds.
  path: Assets/Frank_RPG_Gunslinger/Assets/Animations/FBX/Frank_RPG_Gunslinger_Run02.FBX
  artifactKey: Guid(8598ba7e912ea4346845fcc534fd89fc) Importer(815301076,1909f56bfc062723c751e8b465ee728b)
Start importing Assets/Frank_RPG_Gunslinger/Assets/Animations/FBX/Frank_RPG_Gunslinger_Run02.FBX using Guid(8598ba7e912ea4346845fcc534fd89fc) Importer(815301076,1909f56bfc062723c751e8b465ee728b)  -> (artifact id: 'e83e706ef75c58bc576b01d1bcd06b4a') in 0.004571 seconds
Number of updated asset objects reloaded before import = 0
Number of asset objects unloaded after import = 181
========================================================================
Received Import Request.
  Time since last request: 0.000014 seconds.
  path: Assets/Frank_RPG_Gunslinger/Assets/Animations/FBX/Frank_RPG_Gunslinger_Run02_Velocity.FBX
  artifactKey: Guid(8555064efd3ccd84b895d9d2b8cf76e0) Importer(815301076,1909f56bfc062723c751e8b465ee728b)
Start importing Assets/Frank_RPG_Gunslinger/Assets/Animations/FBX/Frank_RPG_Gunslinger_Run02_Velocity.FBX using Guid(8555064efd3ccd84b895d9d2b8cf76e0) Importer(815301076,1909f56bfc062723c751e8b465ee728b)  -> (artifact id: 'f11cae9828572faac0cc1f123b01021a') in 0.004010 seconds
Number of updated asset objects reloaded before import = 0
Number of asset objects unloaded after import = 181
========================================================================
Received Import Request.
  Time since last request: 2.926171 seconds.
  path: Assets/Frank_RPG_Gunslinger/Assets/Animations/FBX/Frank_RPG_Gunslinger_Shotgun_Aim.FBX
  artifactKey: Guid(b8a794a64df4c0041b5c72f8097ba306) Importer(815301076,1909f56bfc062723c751e8b465ee728b)
Start importing Assets/Frank_RPG_Gunslinger/Assets/Animations/FBX/Frank_RPG_Gunslinger_Shotgun_Aim.FBX using Guid(b8a794a64df4c0041b5c72f8097ba306) Importer(815301076,1909f56bfc062723c751e8b465ee728b)  -> (artifact id: '4350a89fec46c59d3510446d76ff7ae7') in 0.005667 seconds
Number of updated asset objects reloaded before import = 0
Number of asset objects unloaded after import = 181
========================================================================
Received Import Request.
  Time since last request: 0.000010 seconds.
  path: Assets/Frank_RPG_Gunslinger/Assets/Animations/FBX/Frank_RPG_Gunslinger_Skill03.FBX
  artifactKey: Guid(8dbbc5c297e81374d835b51c223f03df) Importer(815301076,1909f56bfc062723c751e8b465ee728b)
Start importing Assets/Frank_RPG_Gunslinger/Assets/Animations/FBX/Frank_RPG_Gunslinger_Skill03.FBX using Guid(8dbbc5c297e81374d835b51c223f03df) Importer(815301076,1909f56bfc062723c751e8b465ee728b)  -> (artifact id: 'fd58b894dbc0e70e50b365afb1c8b1ff') in 0.009448 seconds
Number of updated asset objects reloaded before import = 0
Number of asset objects unloaded after import = 181
========================================================================
Received Import Request.
  Time since last request: 0.000011 seconds.
  path: Assets/Frank_RPG_Gunslinger/Assets/Animations/FBX/Frank_RPG_Gunslinger_Skill01.FBX
  artifactKey: Guid(9a822e9f2d2f7c146a3c9a53c83b1ada) Importer(815301076,1909f56bfc062723c751e8b465ee728b)
Start importing Assets/Frank_RPG_Gunslinger/Assets/Animations/FBX/Frank_RPG_Gunslinger_Skill01.FBX using Guid(9a822e9f2d2f7c146a3c9a53c83b1ada) Importer(815301076,1909f56bfc062723c751e8b465ee728b)  -> (artifact id: 'ce36d815fcd3670de98382f2e50d8fe2') in 0.008359 seconds
Number of updated asset objects reloaded before import = 0
Number of asset objects unloaded after import = 181
========================================================================
Received Import Request.
  Time since last request: 0.016690 seconds.
  path: Assets/Frank_RPG_Gunslinger/Assets/Animations/FBX/Frank_RPG_Gunslinger_Step_R.FBX
  artifactKey: Guid(5224eb932f61f6f4f8e6ea04cc319479) Importer(815301076,1909f56bfc062723c751e8b465ee728b)
Start importing Assets/Frank_RPG_Gunslinger/Assets/Animations/FBX/Frank_RPG_Gunslinger_Step_R.FBX using Guid(5224eb932f61f6f4f8e6ea04cc319479) Importer(815301076,1909f56bfc062723c751e8b465ee728b)  -> (artifact id: '7b5985404ce3b0731c7e08e19f87c88d') in 0.003677 seconds
Number of updated asset objects reloaded before import = 0
Number of asset objects unloaded after import = 181
========================================================================
Received Import Request.
  Time since last request: 0.024162 seconds.
  path: Assets/Frank_RPG_Gunslinger/Assets/Animations/FBX/Frank_RPG_Gunslinger_Walk.FBX
  artifactKey: Guid(8e8bc3e7d09f1ef4ead309d6459f55fa) Importer(815301076,1909f56bfc062723c751e8b465ee728b)
Start importing Assets/Frank_RPG_Gunslinger/Assets/Animations/FBX/Frank_RPG_Gunslinger_Walk.FBX using Guid(8e8bc3e7d09f1ef4ead309d6459f55fa) Importer(815301076,1909f56bfc062723c751e8b465ee728b)  -> (artifact id: 'becf7bc10345982198bad37ca743c866') in 0.013283 seconds
Number of updated asset objects reloaded before import = 0
Number of asset objects unloaded after import = 181
Editor requested this worker to shutdown with reason: Scaling down because of idle timeout
TcpMessagingSession - receive error: operation aborted. errorcode: 995, details: スレッドの終了またはアプリケーションの要求によって、I/O 処理は中止されました。
AssetImportWorker is now disconnected from the server
Process exiting
Exiting without the bug reporter. Application will terminate with return code 0